<?xml version="1.0" encoding="UTF-8"?>
<coverage generated="1642683211204" clover="3.2.0">
  <project timestamp="1642683211204" name="All files">
    <metrics statements="40" coveredstatements="16" conditionals="6" coveredconditionals="2" methods="17" coveredmethods="4" elements="63" coveredelements="22" complexity="0" loc="40" ncloc="40" packages="1" files="2" classes="2"/>
    <file name="sequencer.js" path="/Users/andrei.katkov/VampirskyLes/repos/dsp/rancidRack2/src/sequencer.js">
      <metrics statements="8" coveredstatements="7" conditionals="2" coveredconditionals="2" methods="4" coveredmethods="3"/>
      <line num="1" count="1" type="stmt"/>
      <line num="9" count="0" type="stmt"/>
      <line num="14" count="48" type="stmt"/>
      <line num="15" count="17" type="cond" truecount="2" falsecount="0"/>
      <line num="16" count="16" type="stmt"/>
      <line num="17" count="1" type="stmt"/>
      <line num="22" count="3" type="stmt"/>
      <line num="25" count="1" type="stmt"/>
    </file>
    <file name="wire.js" path="/Users/andrei.katkov/VampirskyLes/repos/dsp/rancidRack2/src/wire.js">
      <metrics statements="32" coveredstatements="9" conditionals="4" coveredconditionals="0" methods="13" coveredmethods="1"/>
      <line num="5" count="1" type="stmt"/>
      <line num="6" count="1" type="stmt"/>
      <line num="8" count="1" type="stmt"/>
      <line num="11" count="1" type="stmt"/>
      <line num="17" count="1" type="stmt"/>
      <line num="18" count="1" type="stmt"/>
      <line num="20" count="1" type="stmt"/>
      <line num="25" count="1" type="stmt"/>
      <line num="26" count="0" type="stmt"/>
      <line num="39" count="1" type="stmt"/>
      <line num="43" count="0" type="stmt"/>
      <line num="46" count="0" type="stmt"/>
      <line num="51" count="0" type="stmt"/>
      <line num="52" count="0" type="stmt"/>
      <line num="53" count="0" type="stmt"/>
      <line num="54" count="0" type="cond" truecount="0" falsecount="2"/>
      <line num="55" count="0" type="stmt"/>
      <line num="56" count="0" type="stmt"/>
      <line num="57" count="0" type="stmt"/>
      <line num="62" count="0" type="stmt"/>
      <line num="63" count="0" type="stmt"/>
      <line num="66" count="0" type="stmt"/>
      <line num="68" count="0" type="stmt"/>
      <line num="69" count="0" type="stmt"/>
      <line num="77" count="0" type="stmt"/>
      <line num="78" count="0" type="stmt"/>
      <line num="79" count="0" type="cond" truecount="0" falsecount="2"/>
      <line num="80" count="0" type="stmt"/>
      <line num="84" count="0" type="stmt"/>
      <line num="93" count="0" type="stmt"/>
      <line num="94" count="0" type="stmt"/>
      <line num="96" count="0" type="stmt"/>
    </file>
  </project>
</coverage>
