{"/Users/andrei.katkov/VampirskyLes/repos/dsp/rancidRack2/src/sequencer.js": {"path":"/Users/andrei.katkov/VampirskyLes/repos/dsp/rancidRack2/src/sequencer.js","statementMap":{"0":{"start":{"line":1,"column":12},"end":{"line":5,"column":1}},"1":{"start":{"line":9,"column":4},"end":{"line":9,"column":56}},"2":{"start":{"line":14,"column":4},"end":{"line":14,"column":92}},"3":{"start":{"line":14,"column":38},"end":{"line":14,"column":91}},"4":{"start":{"line":15,"column":4},"end":{"line":17,"column":29}},"5":{"start":{"line":16,"column":8},"end":{"line":16,"column":24}},"6":{"start":{"line":17,"column":11},"end":{"line":17,"column":29}},"7":{"start":{"line":22,"column":4},"end":{"line":22,"column":34}},"8":{"start":{"line":25,"column":18},"end":{"line":25,"column":20}}},"fnMap":{"0":{"name":"toggleStep","decl":{"start":{"line":7,"column":9},"end":{"line":7,"column":19}},"loc":{"start":{"line":8,"column":0},"end":{"line":10,"column":1}},"line":8},"1":{"name":"advanceStep","decl":{"start":{"line":12,"column":9},"end":{"line":12,"column":20}},"loc":{"start":{"line":13,"column":0},"end":{"line":18,"column":1}},"line":13},"2":{"name":"(anonymous_2)","decl":{"start":{"line":14,"column":32},"end":{"line":14,"column":33}},"loc":{"start":{"line":14,"column":38},"end":{"line":14,"column":91}},"line":14},"3":{"name":"addStepListener","decl":{"start":{"line":20,"column":9},"end":{"line":20,"column":24}},"loc":{"start":{"line":21,"column":0},"end":{"line":23,"column":1}},"line":21}},"branchMap":{"0":{"loc":{"start":{"line":15,"column":4},"end":{"line":17,"column":29}},"type":"if","locations":[{"start":{"line":15,"column":4},"end":{"line":17,"column":29}},{"start":{"line":17,"column":11},"end":{"line":17,"column":29}}],"line":15}},"s":{"0":1,"1":0,"2":17,"3":48,"4":17,"5":16,"6":1,"7":3,"8":1},"f":{"0":0,"1":17,"2":48,"3":3},"b":{"0":[16,1]},"_coverageSchema":"1a1c01bbd47fc00a2c39e90264f33305004495a9","hash":"ebd9ce4c723af9f5a8c204c0d3054b68aa9f357e"}
,"/Users/andrei.katkov/VampirskyLes/repos/dsp/rancidRack2/src/wire.js": {"path":"/Users/andrei.katkov/VampirskyLes/repos/dsp/rancidRack2/src/wire.js","statementMap":{"0":{"start":{"line":5,"column":10},"end":{"line":5,"column":39}},"1":{"start":{"line":6,"column":10},"end":{"line":6,"column":34}},"2":{"start":{"line":8,"column":14},"end":{"line":8,"column":24}},"3":{"start":{"line":11,"column":17},"end":{"line":12,"column":32}},"4":{"start":{"line":17,"column":17},"end":{"line":17,"column":73}},"5":{"start":{"line":18,"column":18},"end":{"line":18,"column":67}},"6":{"start":{"line":20,"column":16},"end":{"line":23,"column":20}},"7":{"start":{"line":25,"column":16},"end":{"line":27,"column":5}},"8":{"start":{"line":26,"column":9},"end":{"line":26,"column":63}},"9":{"start":{"line":39,"column":17},"end":{"line":47,"column":15}},"10":{"start":{"line":43,"column":16},"end":{"line":43,"column":35}},"11":{"start":{"line":46,"column":16},"end":{"line":46,"column":38}},"12":{"start":{"line":51,"column":17},"end":{"line":51,"column":43}},"13":{"start":{"line":52,"column":4},"end":{"line":58,"column":6}},"14":{"start":{"line":53,"column":23},"end":{"line":53,"column":43}},"15":{"start":{"line":54,"column":22},"end":{"line":54,"column":45}},"16":{"start":{"line":55,"column":8},"end":{"line":55,"column":66}},"17":{"start":{"line":56,"column":8},"end":{"line":56,"column":37}},"18":{"start":{"line":57,"column":8},"end":{"line":57,"column":19}},"19":{"start":{"line":62,"column":15},"end":{"line":62,"column":39}},"20":{"start":{"line":63,"column":4},"end":{"line":73,"column":5}},"21":{"start":{"line":66,"column":12},"end":{"line":67,"column":41}},"22":{"start":{"line":68,"column":12},"end":{"line":71,"column":19}},"23":{"start":{"line":69,"column":16},"end":{"line":70,"column":42}},"24":{"start":{"line":77,"column":4},"end":{"line":89,"column":6}},"25":{"start":{"line":78,"column":20},"end":{"line":78,"column":70}},"26":{"start":{"line":79,"column":8},"end":{"line":86,"column":9}},"27":{"start":{"line":80,"column":12},"end":{"line":81,"column":43}},"28":{"start":{"line":84,"column":12},"end":{"line":85,"column":36}},"29":{"start":{"line":93,"column":19},"end":{"line":93,"column":65}},"30":{"start":{"line":94,"column":17},"end":{"line":94,"column":37}},"31":{"start":{"line":96,"column":4},"end":{"line":117,"column":7}}},"fnMap":{"0":{"name":"wireSlider","decl":{"start":{"line":10,"column":9},"end":{"line":10,"column":19}},"loc":{"start":{"line":10,"column":36},"end":{"line":48,"column":1}},"line":10},"1":{"name":"(anonymous_1)","decl":{"start":{"line":25,"column":16},"end":{"line":25,"column":17}},"loc":{"start":{"line":25,"column":27},"end":{"line":27,"column":5}},"line":25},"2":{"name":"(anonymous_2)","decl":{"start":{"line":42,"column":35},"end":{"line":42,"column":36}},"loc":{"start":{"line":42,"column":47},"end":{"line":44,"column":13}},"line":42},"3":{"name":"(anonymous_3)","decl":{"start":{"line":45,"column":24},"end":{"line":45,"column":25}},"loc":{"start":{"line":45,"column":41},"end":{"line":47,"column":13}},"line":45},"4":{"name":"wireToggle","decl":{"start":{"line":50,"column":9},"end":{"line":50,"column":19}},"loc":{"start":{"line":50,"column":36},"end":{"line":59,"column":1}},"line":50},"5":{"name":"(anonymous_5)","decl":{"start":{"line":52,"column":23},"end":{"line":52,"column":24}},"loc":{"start":{"line":52,"column":35},"end":{"line":58,"column":5}},"line":52},"6":{"name":"wireBeam","decl":{"start":{"line":61,"column":9},"end":{"line":61,"column":17}},"loc":{"start":{"line":61,"column":26},"end":{"line":74,"column":1}},"line":61},"7":{"name":"(anonymous_7)","decl":{"start":{"line":64,"column":15},"end":{"line":64,"column":16}},"loc":{"start":{"line":64,"column":21},"end":{"line":72,"column":9}},"line":64},"8":{"name":"(anonymous_8)","decl":{"start":{"line":68,"column":23},"end":{"line":68,"column":24}},"loc":{"start":{"line":68,"column":29},"end":{"line":71,"column":13}},"line":68},"9":{"name":"wireReadout","decl":{"start":{"line":76,"column":9},"end":{"line":76,"column":20}},"loc":{"start":{"line":76,"column":23},"end":{"line":90,"column":1}},"line":76},"10":{"name":"(anonymous_10)","decl":{"start":{"line":77,"column":29},"end":{"line":77,"column":30}},"loc":{"start":{"line":77,"column":62},"end":{"line":87,"column":5}},"line":77},"11":{"name":"wireKnob","decl":{"start":{"line":92,"column":9},"end":{"line":92,"column":17}},"loc":{"start":{"line":92,"column":26},"end":{"line":118,"column":1}},"line":92},"12":{"name":"(anonymous_12)","decl":{"start":{"line":114,"column":18},"end":{"line":114,"column":19}},"loc":{"start":{"line":114,"column":25},"end":{"line":116,"column":9}},"line":114}},"branchMap":{"0":{"loc":{"start":{"line":54,"column":22},"end":{"line":54,"column":45}},"type":"cond-expr","locations":[{"start":{"line":54,"column":33},"end":{"line":54,"column":37}},{"start":{"line":54,"column":40},"end":{"line":54,"column":45}}],"line":54},"1":{"loc":{"start":{"line":79,"column":8},"end":{"line":86,"column":9}},"type":"if","locations":[{"start":{"line":79,"column":8},"end":{"line":86,"column":9}},{"start":{"line":83,"column":15},"end":{"line":86,"column":9}}],"line":79}},"s":{"0":1,"1":1,"2":1,"3":1,"4":1,"5":1,"6":1,"7":1,"8":0,"9":1,"10":0,"11":0,"12":0,"13":0,"14":0,"15":0,"16":0,"17":0,"18":0,"19":0,"20":0,"21":0,"22":0,"23":0,"24":0,"25":0,"26":0,"27":0,"28":0,"29":0,"30":0,"31":0},"f":{"0":1,"1":0,"2":0,"3":0,"4":0,"5":0,"6":0,"7":0,"8":0,"9":0,"10":0,"11":0,"12":0},"b":{"0":[0,0],"1":[0,0]},"_coverageSchema":"1a1c01bbd47fc00a2c39e90264f33305004495a9","hash":"c7327607faa2d12b226c8a6c34dad1b0179e296b"}
}
