TN:
SF:src/sequencer.js
FN:7,toggleStep
FN:12,advanceStep
FN:14,(anonymous_2)
FN:20,addStepListener
FNF:4
FNH:3
FNDA:0,toggleStep
FNDA:17,advanceStep
FNDA:48,(anonymous_2)
FNDA:3,addStepListener
DA:1,1
DA:9,0
DA:14,48
DA:15,17
DA:16,16
DA:17,1
DA:22,3
DA:25,1
LF:8
LH:7
BRDA:15,0,0,16
BRDA:15,0,1,1
BRF:2
BRH:2
end_of_record
TN:
SF:src/wire.js
FN:10,wireSlider
FN:25,(anonymous_1)
FN:42,(anonymous_2)
FN:45,(anonymous_3)
FN:50,wireToggle
FN:52,(anonymous_5)
FN:61,wireBeam
FN:64,(anonymous_7)
FN:68,(anonymous_8)
FN:76,wireReadout
FN:77,(anonymous_10)
FN:92,wireKnob
FN:114,(anonymous_12)
FNF:13
FNH:1
FNDA:1,wireSlider
FNDA:0,(anonymous_1)
FNDA:0,(anonymous_2)
FNDA:0,(anonymous_3)
FNDA:0,wireToggle
FNDA:0,(anonymous_5)
FNDA:0,wireBeam
FNDA:0,(anonymous_7)
FNDA:0,(anonymous_8)
FNDA:0,wireReadout
FNDA:0,(anonymous_10)
FNDA:0,wireKnob
FNDA:0,(anonymous_12)
DA:5,1
DA:6,1
DA:8,1
DA:11,1
DA:17,1
DA:18,1
DA:20,1
DA:25,1
DA:26,0
DA:39,1
DA:43,0
DA:46,0
DA:51,0
DA:52,0
DA:53,0
DA:54,0
DA:55,0
DA:56,0
DA:57,0
DA:62,0
DA:63,0
DA:66,0
DA:68,0
DA:69,0
DA:77,0
DA:78,0
DA:79,0
DA:80,0
DA:84,0
DA:93,0
DA:94,0
DA:96,0
LF:32
LH:9
BRDA:54,0,0,0
BRDA:54,0,1,0
BRDA:79,1,0,0
BRDA:79,1,1,0
BRF:4
BRH:0
end_of_record
